C:\USERS\PAVEL\GOOGLE Диск\PROJECTS\IMPLICATION BASIS\IMPLICATION BASIS\DEBUG\BERGE.OBJ
C:\USERS\PAVEL\GOOGLE Диск\PROJECTS\IMPLICATION BASIS\IMPLICATION BASIS\DEBUG\CONTEXT.OBJ
C:\USERS\PAVEL\GOOGLE Диск\PROJECTS\IMPLICATION BASIS\IMPLICATION BASIS\DEBUG\IMPLICATION.OBJ
C:\USERS\PAVEL\GOOGLE Диск\PROJECTS\IMPLICATION BASIS\IMPLICATION BASIS\DEBUG\TRIE.OBJ
C:\USERS\PAVEL\GOOGLE Диск\PROJECTS\IMPLICATION BASIS\IMPLICATION BASIS\DEBUG\INOUT.OBJ
C:\USERS\PAVEL\GOOGLE Диск\PROJECTS\IMPLICATION BASIS\IMPLICATION BASIS\DEBUG\LECTIC_ORDER.OBJ
C:\USERS\PAVEL\GOOGLE Диск\PROJECTS\IMPLICATION BASIS\IMPLICATION BASIS\DEBUG\MAIN.OBJ
C:\USERS\PAVEL\GOOGLE Диск\PROJECTS\IMPLICATION BASIS\IMPLICATION BASIS\DEBUG\PROPER_PREMISES.OBJ
C:\USERS\PAVEL\GOOGLE Диск\PROJECTS\IMPLICATION BASIS\IMPLICATION BASIS\DEBUG\TRANSVERSALS.OBJ
C:\USERS\PAVEL\GOOGLE Диск\PROJECTS\IMPLICATION BASIS\IMPLICATION BASIS\DEBUG\CLOSURE.OBJ
C:\USERS\PAVEL\GOOGLE ДИСК\PROJECTS\IMPLICATION BASIS\IMPLICATION BASIS\DEBUG\VC110.PDB
C:\USERS\PAVEL\GOOGLE Диск\PROJECTS\IMPLICATION BASIS\IMPLICATION BASIS\DEBUG\LONGINT.OBJ
C:\USERS\PAVEL\GOOGLE Диск\PROJECTS\IMPLICATION BASIS\IMPLICATION BASIS\DEBUG\TEST.OBJ
C:\USERS\PAVEL\GOOGLE Диск\PROJECTS\IMPLICATION BASIS\DEBUG\IMPLICATION BASIS.ILK
C:\USERS\PAVEL\GOOGLE Диск\PROJECTS\IMPLICATION BASIS\DEBUG\IMPLICATION BASIS.EXE
C:\USERS\PAVEL\GOOGLE ДИСК\PROJECTS\IMPLICATION BASIS\DEBUG\IMPLICATION BASIS.PDB
C:\Users\Pavel\Google Диск\Projects\Implication Basis\Implication Basis\Debug\berge.obj
C:\Users\Pavel\Google Диск\Projects\Implication Basis\Implication Basis\Debug\closure.obj
C:\Users\Pavel\Google Диск\Projects\Implication Basis\Implication Basis\Debug\Context.obj
C:\Users\Pavel\Google Диск\Projects\Implication Basis\Implication Basis\Debug\Implication.obj
C:\Users\Pavel\Google Диск\Projects\Implication Basis\Implication Basis\Debug\inout.obj
C:\Users\Pavel\Google Диск\Projects\Implication Basis\Implication Basis\Debug\lectic_order.obj
C:\Users\Pavel\Google Диск\Projects\Implication Basis\Implication Basis\Debug\LongInt.obj
C:\Users\Pavel\Google Диск\Projects\Implication Basis\Implication Basis\Debug\main.obj
C:\Users\Pavel\Google Диск\Projects\Implication Basis\Implication Basis\Debug\proper_premises.obj
C:\Users\Pavel\Google Диск\Projects\Implication Basis\Implication Basis\Debug\test.obj
C:\Users\Pavel\Google Диск\Projects\Implication Basis\Implication Basis\Debug\transversals.obj
C:\Users\Pavel\Google Диск\Projects\Implication Basis\Implication Basis\Debug\Trie.obj
C:\Users\Pavel\Google Диск\Projects\Implication Basis\Implication Basis\Debug\cl.command.1.tlog
C:\Users\Pavel\Google Диск\Projects\Implication Basis\Implication Basis\Debug\CL.read.1.tlog
C:\Users\Pavel\Google Диск\Projects\Implication Basis\Implication Basis\Debug\CL.write.1.tlog
C:\Users\Pavel\Google Диск\Projects\Implication Basis\Implication Basis\Debug\link-cvtres.read.1.tlog
C:\Users\Pavel\Google Диск\Projects\Implication Basis\Implication Basis\Debug\link-cvtres.write.1.tlog
C:\Users\Pavel\Google Диск\Projects\Implication Basis\Implication Basis\Debug\link-rc.read.1.tlog
C:\Users\Pavel\Google Диск\Projects\Implication Basis\Implication Basis\Debug\link-rc.write.1.tlog
C:\Users\Pavel\Google Диск\Projects\Implication Basis\Implication Basis\Debug\link.1500-cvtres.read.1.tlog
C:\Users\Pavel\Google Диск\Projects\Implication Basis\Implication Basis\Debug\link.1500-cvtres.write.1.tlog
C:\Users\Pavel\Google Диск\Projects\Implication Basis\Implication Basis\Debug\link.1500-rc.read.1.tlog
C:\Users\Pavel\Google Диск\Projects\Implication Basis\Implication Basis\Debug\link.1500-rc.write.1.tlog
C:\Users\Pavel\Google Диск\Projects\Implication Basis\Implication Basis\Debug\link.1500.read.1.tlog
C:\Users\Pavel\Google Диск\Projects\Implication Basis\Implication Basis\Debug\link.1500.write.1.tlog
C:\Users\Pavel\Google Диск\Projects\Implication Basis\Implication Basis\Debug\link.1848-cvtres.read.1.tlog
C:\Users\Pavel\Google Диск\Projects\Implication Basis\Implication Basis\Debug\link.1848-cvtres.write.1.tlog
C:\Users\Pavel\Google Диск\Projects\Implication Basis\Implication Basis\Debug\link.1848-rc.read.1.tlog
C:\Users\Pavel\Google Диск\Projects\Implication Basis\Implication Basis\Debug\link.1848-rc.write.1.tlog
C:\Users\Pavel\Google Диск\Projects\Implication Basis\Implication Basis\Debug\link.1848.read.1.tlog
C:\Users\Pavel\Google Диск\Projects\Implication Basis\Implication Basis\Debug\link.1848.write.1.tlog
C:\Users\Pavel\Google Диск\Projects\Implication Basis\Implication Basis\Debug\link.2748-cvtres.read.1.tlog
C:\Users\Pavel\Google Диск\Projects\Implication Basis\Implication Basis\Debug\link.2748-cvtres.write.1.tlog
C:\Users\Pavel\Google Диск\Projects\Implication Basis\Implication Basis\Debug\link.2748-rc.read.1.tlog
C:\Users\Pavel\Google Диск\Projects\Implication Basis\Implication Basis\Debug\link.2748-rc.write.1.tlog
C:\Users\Pavel\Google Диск\Projects\Implication Basis\Implication Basis\Debug\link.2748.read.1.tlog
C:\Users\Pavel\Google Диск\Projects\Implication Basis\Implication Basis\Debug\link.2748.write.1.tlog
C:\Users\Pavel\Google Диск\Projects\Implication Basis\Implication Basis\Debug\link.3652-cvtres.read.1.tlog
C:\Users\Pavel\Google Диск\Projects\Implication Basis\Implication Basis\Debug\link.3652-cvtres.write.1.tlog
C:\Users\Pavel\Google Диск\Projects\Implication Basis\Implication Basis\Debug\link.3652-rc.read.1.tlog
C:\Users\Pavel\Google Диск\Projects\Implication Basis\Implication Basis\Debug\link.3652-rc.write.1.tlog
C:\Users\Pavel\Google Диск\Projects\Implication Basis\Implication Basis\Debug\link.3652.read.1.tlog
C:\Users\Pavel\Google Диск\Projects\Implication Basis\Implication Basis\Debug\link.3652.write.1.tlog
C:\Users\Pavel\Google Диск\Projects\Implication Basis\Implication Basis\Debug\link.5460-cvtres.read.1.tlog
C:\Users\Pavel\Google Диск\Projects\Implication Basis\Implication Basis\Debug\link.5460-cvtres.write.1.tlog
C:\Users\Pavel\Google Диск\Projects\Implication Basis\Implication Basis\Debug\link.5460-rc.read.1.tlog
C:\Users\Pavel\Google Диск\Projects\Implication Basis\Implication Basis\Debug\link.5460-rc.write.1.tlog
C:\Users\Pavel\Google Диск\Projects\Implication Basis\Implication Basis\Debug\link.5460.read.1.tlog
C:\Users\Pavel\Google Диск\Projects\Implication Basis\Implication Basis\Debug\link.5460.write.1.tlog
C:\Users\Pavel\Google Диск\Projects\Implication Basis\Implication Basis\Debug\link.5704-cvtres.read.1.tlog
C:\Users\Pavel\Google Диск\Projects\Implication Basis\Implication Basis\Debug\link.5704-cvtres.write.1.tlog
C:\Users\Pavel\Google Диск\Projects\Implication Basis\Implication Basis\Debug\link.5704-rc.read.1.tlog
C:\Users\Pavel\Google Диск\Projects\Implication Basis\Implication Basis\Debug\link.5704-rc.write.1.tlog
C:\Users\Pavel\Google Диск\Projects\Implication Basis\Implication Basis\Debug\link.5704.read.1.tlog
C:\Users\Pavel\Google Диск\Projects\Implication Basis\Implication Basis\Debug\link.5704.write.1.tlog
C:\Users\Pavel\Google Диск\Projects\Implication Basis\Implication Basis\Debug\link.6540-cvtres.read.1.tlog
C:\Users\Pavel\Google Диск\Projects\Implication Basis\Implication Basis\Debug\link.6540-cvtres.write.1.tlog
C:\Users\Pavel\Google Диск\Projects\Implication Basis\Implication Basis\Debug\link.6540-rc.read.1.tlog
C:\Users\Pavel\Google Диск\Projects\Implication Basis\Implication Basis\Debug\link.6540-rc.write.1.tlog
C:\Users\Pavel\Google Диск\Projects\Implication Basis\Implication Basis\Debug\link.6540.read.1.tlog
C:\Users\Pavel\Google Диск\Projects\Implication Basis\Implication Basis\Debug\link.6540.write.1.tlog
C:\Users\Pavel\Google Диск\Projects\Implication Basis\Implication Basis\Debug\link.6596-cvtres.read.1.tlog
C:\Users\Pavel\Google Диск\Projects\Implication Basis\Implication Basis\Debug\link.6596-cvtres.write.1.tlog
C:\Users\Pavel\Google Диск\Projects\Implication Basis\Implication Basis\Debug\link.6596-rc.read.1.tlog
C:\Users\Pavel\Google Диск\Projects\Implication Basis\Implication Basis\Debug\link.6596-rc.write.1.tlog
C:\Users\Pavel\Google Диск\Projects\Implication Basis\Implication Basis\Debug\link.6596.read.1.tlog
C:\Users\Pavel\Google Диск\Projects\Implication Basis\Implication Basis\Debug\link.6596.write.1.tlog
C:\Users\Pavel\Google Диск\Projects\Implication Basis\Implication Basis\Debug\link.6640-cvtres.read.1.tlog
C:\Users\Pavel\Google Диск\Projects\Implication Basis\Implication Basis\Debug\link.6640-cvtres.write.1.tlog
C:\Users\Pavel\Google Диск\Projects\Implication Basis\Implication Basis\Debug\link.6640-rc.read.1.tlog
C:\Users\Pavel\Google Диск\Projects\Implication Basis\Implication Basis\Debug\link.6640-rc.write.1.tlog
C:\Users\Pavel\Google Диск\Projects\Implication Basis\Implication Basis\Debug\link.6640.read.1.tlog
C:\Users\Pavel\Google Диск\Projects\Implication Basis\Implication Basis\Debug\link.6640.write.1.tlog
C:\Users\Pavel\Google Диск\Projects\Implication Basis\Implication Basis\Debug\link.6660-cvtres.read.1.tlog
C:\Users\Pavel\Google Диск\Projects\Implication Basis\Implication Basis\Debug\link.6660-cvtres.write.1.tlog
C:\Users\Pavel\Google Диск\Projects\Implication Basis\Implication Basis\Debug\link.6660-rc.read.1.tlog
C:\Users\Pavel\Google Диск\Projects\Implication Basis\Implication Basis\Debug\link.6660-rc.write.1.tlog
C:\Users\Pavel\Google Диск\Projects\Implication Basis\Implication Basis\Debug\link.6660.read.1.tlog
C:\Users\Pavel\Google Диск\Projects\Implication Basis\Implication Basis\Debug\link.6660.write.1.tlog
C:\Users\Pavel\Google Диск\Projects\Implication Basis\Implication Basis\Debug\link.7236-cvtres.read.1.tlog
C:\Users\Pavel\Google Диск\Projects\Implication Basis\Implication Basis\Debug\link.7236-cvtres.write.1.tlog
C:\Users\Pavel\Google Диск\Projects\Implication Basis\Implication Basis\Debug\link.7236-rc.read.1.tlog
C:\Users\Pavel\Google Диск\Projects\Implication Basis\Implication Basis\Debug\link.7236-rc.write.1.tlog
C:\Users\Pavel\Google Диск\Projects\Implication Basis\Implication Basis\Debug\link.7236.read.1.tlog
C:\Users\Pavel\Google Диск\Projects\Implication Basis\Implication Basis\Debug\link.7236.write.1.tlog
C:\Users\Pavel\Google Диск\Projects\Implication Basis\Implication Basis\Debug\link.7240-cvtres.read.1.tlog
C:\Users\Pavel\Google Диск\Projects\Implication Basis\Implication Basis\Debug\link.7240-cvtres.write.1.tlog
C:\Users\Pavel\Google Диск\Projects\Implication Basis\Implication Basis\Debug\link.7240-rc.read.1.tlog
C:\Users\Pavel\Google Диск\Projects\Implication Basis\Implication Basis\Debug\link.7240-rc.write.1.tlog
C:\Users\Pavel\Google Диск\Projects\Implication Basis\Implication Basis\Debug\link.7240.read.1.tlog
C:\Users\Pavel\Google Диск\Projects\Implication Basis\Implication Basis\Debug\link.7240.write.1.tlog
C:\Users\Pavel\Google Диск\Projects\Implication Basis\Implication Basis\Debug\link.7496-cvtres.read.1.tlog
C:\Users\Pavel\Google Диск\Projects\Implication Basis\Implication Basis\Debug\link.7496-cvtres.write.1.tlog
C:\Users\Pavel\Google Диск\Projects\Implication Basis\Implication Basis\Debug\link.7496-rc.read.1.tlog
C:\Users\Pavel\Google Диск\Projects\Implication Basis\Implication Basis\Debug\link.7496-rc.write.1.tlog
C:\Users\Pavel\Google Диск\Projects\Implication Basis\Implication Basis\Debug\link.7496.read.1.tlog
C:\Users\Pavel\Google Диск\Projects\Implication Basis\Implication Basis\Debug\link.7496.write.1.tlog
C:\Users\Pavel\Google Диск\Projects\Implication Basis\Implication Basis\Debug\link.7572-cvtres.read.1.tlog
C:\Users\Pavel\Google Диск\Projects\Implication Basis\Implication Basis\Debug\link.7572-cvtres.write.1.tlog
C:\Users\Pavel\Google Диск\Projects\Implication Basis\Implication Basis\Debug\link.7572-rc.read.1.tlog
C:\Users\Pavel\Google Диск\Projects\Implication Basis\Implication Basis\Debug\link.7572-rc.write.1.tlog
C:\Users\Pavel\Google Диск\Projects\Implication Basis\Implication Basis\Debug\link.7572.read.1.tlog
C:\Users\Pavel\Google Диск\Projects\Implication Basis\Implication Basis\Debug\link.7572.write.1.tlog
C:\Users\Pavel\Google Диск\Projects\Implication Basis\Implication Basis\Debug\link.7592-cvtres.read.1.tlog
C:\Users\Pavel\Google Диск\Projects\Implication Basis\Implication Basis\Debug\link.7592-cvtres.write.1.tlog
C:\Users\Pavel\Google Диск\Projects\Implication Basis\Implication Basis\Debug\link.7592-rc.read.1.tlog
C:\Users\Pavel\Google Диск\Projects\Implication Basis\Implication Basis\Debug\link.7592-rc.write.1.tlog
C:\Users\Pavel\Google Диск\Projects\Implication Basis\Implication Basis\Debug\link.7592.read.1.tlog
C:\Users\Pavel\Google Диск\Projects\Implication Basis\Implication Basis\Debug\link.7592.write.1.tlog
C:\Users\Pavel\Google Диск\Projects\Implication Basis\Implication Basis\Debug\link.8136-cvtres.read.1.tlog
C:\Users\Pavel\Google Диск\Projects\Implication Basis\Implication Basis\Debug\link.8136-cvtres.write.1.tlog
C:\Users\Pavel\Google Диск\Projects\Implication Basis\Implication Basis\Debug\link.8136-rc.read.1.tlog
C:\Users\Pavel\Google Диск\Projects\Implication Basis\Implication Basis\Debug\link.8136-rc.write.1.tlog
C:\Users\Pavel\Google Диск\Projects\Implication Basis\Implication Basis\Debug\link.8136.read.1.tlog
C:\Users\Pavel\Google Диск\Projects\Implication Basis\Implication Basis\Debug\link.8136.write.1.tlog
C:\Users\Pavel\Google Диск\Projects\Implication Basis\Implication Basis\Debug\link.command.1.tlog
C:\Users\Pavel\Google Диск\Projects\Implication Basis\Implication Basis\Debug\link.read.1.tlog
C:\Users\Pavel\Google Диск\Projects\Implication Basis\Implication Basis\Debug\link.write.1.tlog
C:\Users\Pavel\Google Диск\Projects\Implication Basis\Implication Basis\Debug\vc110.idb
C:\Users\Pavel\Google Диск\Projects\Implication Basis\Implication Basis\Debug\vc110.pdb
C:\Users\Pavel\Google Диск\Projects\Implication Basis\Debug\Implication Basis.pdb
C:\Users\Pavel\Google Диск\Projects\Implication Basis\Debug\Implication Basis.exe
C:\Users\Pavel\Google Диск\Projects\Implication Basis\Debug\Implication Basis.ilk
