C:\USERS\PAVEL\GOOGLE Диск\PROJECTS\IMPLICATION BASIS\IMPLICATION BASIS\X64\DEBUG\BERGE.OBJ
C:\USERS\PAVEL\GOOGLE Диск\PROJECTS\IMPLICATION BASIS\IMPLICATION BASIS\X64\DEBUG\CLOSURE.OBJ
C:\USERS\PAVEL\GOOGLE Диск\PROJECTS\IMPLICATION BASIS\IMPLICATION BASIS\X64\DEBUG\IMPLICATION.OBJ
C:\USERS\PAVEL\GOOGLE Диск\PROJECTS\IMPLICATION BASIS\IMPLICATION BASIS\X64\DEBUG\LECTIC_ORDER.OBJ
C:\USERS\PAVEL\GOOGLE Диск\PROJECTS\IMPLICATION BASIS\IMPLICATION BASIS\X64\DEBUG\INOUT.OBJ
C:\USERS\PAVEL\GOOGLE Диск\PROJECTS\IMPLICATION BASIS\IMPLICATION BASIS\X64\DEBUG\MAIN.OBJ
C:\USERS\PAVEL\GOOGLE Диск\PROJECTS\IMPLICATION BASIS\IMPLICATION BASIS\X64\DEBUG\TRANSVERSALS.OBJ
C:\USERS\PAVEL\GOOGLE Диск\PROJECTS\IMPLICATION BASIS\IMPLICATION BASIS\X64\DEBUG\TRIE.OBJ
C:\USERS\PAVEL\GOOGLE Диск\PROJECTS\IMPLICATION BASIS\IMPLICATION BASIS\X64\DEBUG\CONTEXT.OBJ
C:\USERS\PAVEL\GOOGLE Диск\PROJECTS\IMPLICATION BASIS\IMPLICATION BASIS\X64\DEBUG\PROPER_PREMISES.OBJ
C:\USERS\PAVEL\GOOGLE ДИСК\PROJECTS\IMPLICATION BASIS\IMPLICATION BASIS\X64\DEBUG\VC110.PDB
C:\USERS\PAVEL\GOOGLE Диск\PROJECTS\IMPLICATION BASIS\X64\DEBUG\IMPLICATION BASIS.ILK
C:\USERS\PAVEL\GOOGLE Диск\PROJECTS\IMPLICATION BASIS\X64\DEBUG\IMPLICATION BASIS.EXE
C:\USERS\PAVEL\GOOGLE ДИСК\PROJECTS\IMPLICATION BASIS\X64\DEBUG\IMPLICATION BASIS.PDB
C:\Users\Pavel\Google Диск\Projects\Implication Basis\Implication Basis\x64\Debug\berge.obj
C:\Users\Pavel\Google Диск\Projects\Implication Basis\Implication Basis\x64\Debug\closure.obj
C:\Users\Pavel\Google Диск\Projects\Implication Basis\Implication Basis\x64\Debug\Context.obj
C:\Users\Pavel\Google Диск\Projects\Implication Basis\Implication Basis\x64\Debug\Implication.obj
C:\Users\Pavel\Google Диск\Projects\Implication Basis\Implication Basis\x64\Debug\inout.obj
C:\Users\Pavel\Google Диск\Projects\Implication Basis\Implication Basis\x64\Debug\lectic_order.obj
C:\Users\Pavel\Google Диск\Projects\Implication Basis\Implication Basis\x64\Debug\main.obj
C:\Users\Pavel\Google Диск\Projects\Implication Basis\Implication Basis\x64\Debug\proper_premises.obj
C:\Users\Pavel\Google Диск\Projects\Implication Basis\Implication Basis\x64\Debug\transversals.obj
C:\Users\Pavel\Google Диск\Projects\Implication Basis\Implication Basis\x64\Debug\Trie.obj
C:\Users\Pavel\Google Диск\Projects\Implication Basis\Implication Basis\x64\Debug\cl.command.1.tlog
C:\Users\Pavel\Google Диск\Projects\Implication Basis\Implication Basis\x64\Debug\CL.read.1.tlog
C:\Users\Pavel\Google Диск\Projects\Implication Basis\Implication Basis\x64\Debug\CL.write.1.tlog
C:\Users\Pavel\Google Диск\Projects\Implication Basis\Implication Basis\x64\Debug\link-cvtres.read.1.tlog
C:\Users\Pavel\Google Диск\Projects\Implication Basis\Implication Basis\x64\Debug\link-cvtres.write.1.tlog
C:\Users\Pavel\Google Диск\Projects\Implication Basis\Implication Basis\x64\Debug\link-rc.read.1.tlog
C:\Users\Pavel\Google Диск\Projects\Implication Basis\Implication Basis\x64\Debug\link-rc.write.1.tlog
C:\Users\Pavel\Google Диск\Projects\Implication Basis\Implication Basis\x64\Debug\link.command.1.tlog
C:\Users\Pavel\Google Диск\Projects\Implication Basis\Implication Basis\x64\Debug\link.read.1.tlog
C:\Users\Pavel\Google Диск\Projects\Implication Basis\Implication Basis\x64\Debug\link.write.1.tlog
C:\Users\Pavel\Google Диск\Projects\Implication Basis\Implication Basis\x64\Debug\vc110.idb
C:\Users\Pavel\Google Диск\Projects\Implication Basis\Implication Basis\x64\Debug\vc110.pdb
C:\Users\Pavel\Google Диск\Projects\Implication Basis\x64\Debug\Implication Basis.pdb
C:\Users\Pavel\Google Диск\Projects\Implication Basis\x64\Debug\Implication Basis.exe
C:\Users\Pavel\Google Диск\Projects\Implication Basis\x64\Debug\Implication Basis.ilk
