C:\USERS\PAVEL\GOOGLE Диск\PROJECTS\IMPLICATION BASIS\IMPLICATION BASIS\RELEASE\LECTIC_ORDER.OBJ
C:\USERS\PAVEL\GOOGLE Диск\PROJECTS\IMPLICATION BASIS\IMPLICATION BASIS\RELEASE\CONTEXT.OBJ
C:\USERS\PAVEL\GOOGLE Диск\PROJECTS\IMPLICATION BASIS\IMPLICATION BASIS\RELEASE\CLOSURE.OBJ
C:\USERS\PAVEL\GOOGLE Диск\PROJECTS\IMPLICATION BASIS\IMPLICATION BASIS\RELEASE\TRANSVERSALS.OBJ
C:\USERS\PAVEL\GOOGLE Диск\PROJECTS\IMPLICATION BASIS\IMPLICATION BASIS\RELEASE\PROPER_PREMISES.OBJ
C:\USERS\PAVEL\GOOGLE Диск\PROJECTS\IMPLICATION BASIS\IMPLICATION BASIS\RELEASE\MAIN.OBJ
C:\USERS\PAVEL\GOOGLE Диск\PROJECTS\IMPLICATION BASIS\IMPLICATION BASIS\RELEASE\INOUT.OBJ
C:\USERS\PAVEL\GOOGLE Диск\PROJECTS\IMPLICATION BASIS\IMPLICATION BASIS\RELEASE\BERGE.OBJ
C:\USERS\PAVEL\GOOGLE Диск\PROJECTS\IMPLICATION BASIS\IMPLICATION BASIS\RELEASE\TRIE.OBJ
C:\USERS\PAVEL\GOOGLE Диск\PROJECTS\IMPLICATION BASIS\IMPLICATION BASIS\RELEASE\IMPLICATION.OBJ
C:\USERS\PAVEL\GOOGLE ДИСК\PROJECTS\IMPLICATION BASIS\IMPLICATION BASIS\RELEASE\VC110.PDB
C:\USERS\PAVEL\GOOGLE Диск\PROJECTS\IMPLICATION BASIS\IMPLICATION BASIS\RELEASE\LONGINT.OBJ
C:\USERS\PAVEL\GOOGLE Диск\PROJECTS\IMPLICATION BASIS\IMPLICATION BASIS\RELEASE\TEST.OBJ
C:\USERS\PAVEL\GOOGLE Диск\PROJECTS\IMPLICATION BASIS\RELEASE\IMPLICATION BASIS.EXE
C:\USERS\PAVEL\GOOGLE ДИСК\PROJECTS\IMPLICATION BASIS\RELEASE\IMPLICATION BASIS.PDB
C:\Users\Pavel\Google Диск\Projects\Implication Basis\Implication Basis\Release\berge.obj
C:\Users\Pavel\Google Диск\Projects\Implication Basis\Implication Basis\Release\closure.obj
C:\Users\Pavel\Google Диск\Projects\Implication Basis\Implication Basis\Release\Context.obj
C:\Users\Pavel\Google Диск\Projects\Implication Basis\Implication Basis\Release\Implication.obj
C:\Users\Pavel\Google Диск\Projects\Implication Basis\Implication Basis\Release\inout.obj
C:\Users\Pavel\Google Диск\Projects\Implication Basis\Implication Basis\Release\lectic_order.obj
C:\Users\Pavel\Google Диск\Projects\Implication Basis\Implication Basis\Release\LongInt.obj
C:\Users\Pavel\Google Диск\Projects\Implication Basis\Implication Basis\Release\main.obj
C:\Users\Pavel\Google Диск\Projects\Implication Basis\Implication Basis\Release\proper_premises.obj
C:\Users\Pavel\Google Диск\Projects\Implication Basis\Implication Basis\Release\test.obj
C:\Users\Pavel\Google Диск\Projects\Implication Basis\Implication Basis\Release\transversals.obj
C:\Users\Pavel\Google Диск\Projects\Implication Basis\Implication Basis\Release\Trie.obj
C:\Users\Pavel\Google Диск\Projects\Implication Basis\Implication Basis\Release\cl.command.1.tlog
C:\Users\Pavel\Google Диск\Projects\Implication Basis\Implication Basis\Release\CL.read.1.tlog
C:\Users\Pavel\Google Диск\Projects\Implication Basis\Implication Basis\Release\CL.write.1.tlog
C:\Users\Pavel\Google Диск\Projects\Implication Basis\Implication Basis\Release\link-cvtres.read.1.tlog
C:\Users\Pavel\Google Диск\Projects\Implication Basis\Implication Basis\Release\link-cvtres.write.1.tlog
C:\Users\Pavel\Google Диск\Projects\Implication Basis\Implication Basis\Release\link-rc.read.1.tlog
C:\Users\Pavel\Google Диск\Projects\Implication Basis\Implication Basis\Release\link-rc.write.1.tlog
C:\Users\Pavel\Google Диск\Projects\Implication Basis\Implication Basis\Release\link.command.1.tlog
C:\Users\Pavel\Google Диск\Projects\Implication Basis\Implication Basis\Release\link.read.1.tlog
C:\Users\Pavel\Google Диск\Projects\Implication Basis\Implication Basis\Release\link.write.1.tlog
C:\Users\Pavel\Google Диск\Projects\Implication Basis\Implication Basis\Release\vc110.pdb
C:\Users\Pavel\Google Диск\Projects\Implication Basis\Release\Implication Basis.pdb
C:\Users\Pavel\Google Диск\Projects\Implication Basis\Release\Implication Basis.exe
