Сборка начата 30.05.2014 0:26:41.
     1>Проект "C:\Users\Pavel\Google Диск\Projects\Implication Basis\Implication Basis\Implication Basis.vcxproj" в узле 2 (целевые объекты Build).
     1>ClCompile:
         C:\Program Files (x86)\Microsoft Visual Studio 11.0\VC\bin\x86_amd64\CL.exe /c /IC:\local\boost_1_55_0 /Zi /nologo /W3 /WX- /sdl /Od /D WIN32 /D _DEBUG /D _CONSOLE /D _UNICODE /D UNICODE /Gm /EHsc /RTC1 /MDd /GS /fp:precise /Zc:wchar_t /Zc:forScope /Fo"x64\Debug\\" /Fd"x64\Debug\vc110.pdb" /Gd /TP /errorReport:prompt Context.cpp Implication.cpp LongInt.cpp Trie.cpp closure.cpp inout.cpp lectic_order.cpp main.cpp proper_premises.cpp transversals.cpp
         transversals.cpp
         proper_premises.cpp
         main.cpp
         inout.cpp
         LongInt.cpp
         Implication.cpp
         Создание кода...
         Компиляция...
         lectic_order.cpp
         Trie.cpp
         Context.cpp
         Создание кода...
         Пропуск... (изменения не обнаружены)
         closure.cpp
       Link:
         C:\Program Files (x86)\Microsoft Visual Studio 11.0\VC\bin\x86_amd64\link.exe /ERRORREPORT:PROMPT /OUT:"C:\Users\Pavel\Google Диск\Projects\Implication Basis\x64\Debug\Implication Basis.exe" /INCREMENTAL /NOLOGO /LIBPATH:"C:\local\boost_1_55_0\lib64-msvc-11.0" kernel32.lib user32.lib gdi32.lib winspool.lib comdlg32.lib advapi32.lib shell32.lib ole32.lib oleaut32.lib uuid.lib odbc32.lib odbccp32.lib /MANIFEST /MANIFESTUAC:"level='asInvoker' uiAccess='false'" /manifest:embed /DEBUG /PDB:"C:\Users\Pavel\Google Диск\Projects\Implication Basis\x64\Debug\Implication Basis.pdb" /SUBSYSTEM:CONSOLE /TLBID:1 /DYNAMICBASE /NXCOMPAT /IMPLIB:"C:\Users\Pavel\Google Диск\Projects\Implication Basis\x64\Debug\Implication Basis.lib" /MACHINE:X64 x64\Debug\closure.obj
         x64\Debug\Context.obj
         x64\Debug\Implication.obj
         x64\Debug\lectic_order.obj
         x64\Debug\LongInt.obj
         x64\Debug\proper_premises.obj
         x64\Debug\inout.obj
         x64\Debug\main.obj
         x64\Debug\transversals.obj
         x64\Debug\Trie.obj
         Implication Basis.vcxproj -> C:\Users\Pavel\Google Диск\Projects\Implication Basis\x64\Debug\Implication Basis.exe
     1>Построение проекта "C:\Users\Pavel\Google Диск\Projects\Implication Basis\Implication Basis\Implication Basis.vcxproj" завершено (целевые объекты Build).

Сборка успешно завершена.

Затраченное время: 00:00:12.03
