C:\USERS\PAVEL\GOOGLE Диск\PROJECTS\IMPLICATION BASIS\IMPLICATION BASIS\X64\RELEASE\TRIE.OBJ
C:\USERS\PAVEL\GOOGLE Диск\PROJECTS\IMPLICATION BASIS\IMPLICATION BASIS\X64\RELEASE\TRANSVERSALS.OBJ
C:\USERS\PAVEL\GOOGLE Диск\PROJECTS\IMPLICATION BASIS\IMPLICATION BASIS\X64\RELEASE\MAIN.OBJ
C:\USERS\PAVEL\GOOGLE Диск\PROJECTS\IMPLICATION BASIS\IMPLICATION BASIS\X64\RELEASE\INOUT.OBJ
C:\USERS\PAVEL\GOOGLE Диск\PROJECTS\IMPLICATION BASIS\IMPLICATION BASIS\X64\RELEASE\PROPER_PREMISES.OBJ
C:\USERS\PAVEL\GOOGLE Диск\PROJECTS\IMPLICATION BASIS\IMPLICATION BASIS\X64\RELEASE\LONGINT.OBJ
C:\USERS\PAVEL\GOOGLE Диск\PROJECTS\IMPLICATION BASIS\IMPLICATION BASIS\X64\RELEASE\LECTIC_ORDER.OBJ
C:\USERS\PAVEL\GOOGLE Диск\PROJECTS\IMPLICATION BASIS\IMPLICATION BASIS\X64\RELEASE\IMPLICATION.OBJ
C:\USERS\PAVEL\GOOGLE Диск\PROJECTS\IMPLICATION BASIS\IMPLICATION BASIS\X64\RELEASE\CONTEXT.OBJ
C:\USERS\PAVEL\GOOGLE Диск\PROJECTS\IMPLICATION BASIS\IMPLICATION BASIS\X64\RELEASE\CLOSURE.OBJ
C:\USERS\PAVEL\GOOGLE ДИСК\PROJECTS\IMPLICATION BASIS\IMPLICATION BASIS\X64\RELEASE\VC110.PDB
C:\USERS\PAVEL\GOOGLE Диск\PROJECTS\IMPLICATION BASIS\X64\RELEASE\IMPLICATION BASIS.EXE
C:\USERS\PAVEL\GOOGLE ДИСК\PROJECTS\IMPLICATION BASIS\X64\RELEASE\IMPLICATION BASIS.PDB
C:\Users\Pavel\Google Диск\Projects\Implication Basis\Implication Basis\x64\Release\closure.obj
C:\Users\Pavel\Google Диск\Projects\Implication Basis\Implication Basis\x64\Release\Context.obj
C:\Users\Pavel\Google Диск\Projects\Implication Basis\Implication Basis\x64\Release\Implication.obj
C:\Users\Pavel\Google Диск\Projects\Implication Basis\Implication Basis\x64\Release\inout.obj
C:\Users\Pavel\Google Диск\Projects\Implication Basis\Implication Basis\x64\Release\lectic_order.obj
C:\Users\Pavel\Google Диск\Projects\Implication Basis\Implication Basis\x64\Release\LongInt.obj
C:\Users\Pavel\Google Диск\Projects\Implication Basis\Implication Basis\x64\Release\main.obj
C:\Users\Pavel\Google Диск\Projects\Implication Basis\Implication Basis\x64\Release\proper_premises.obj
C:\Users\Pavel\Google Диск\Projects\Implication Basis\Implication Basis\x64\Release\transversals.obj
C:\Users\Pavel\Google Диск\Projects\Implication Basis\Implication Basis\x64\Release\Trie.obj
C:\Users\Pavel\Google Диск\Projects\Implication Basis\Implication Basis\x64\Release\cl.command.1.tlog
C:\Users\Pavel\Google Диск\Projects\Implication Basis\Implication Basis\x64\Release\CL.read.1.tlog
C:\Users\Pavel\Google Диск\Projects\Implication Basis\Implication Basis\x64\Release\CL.write.1.tlog
C:\Users\Pavel\Google Диск\Projects\Implication Basis\Implication Basis\x64\Release\link-cvtres.read.1.tlog
C:\Users\Pavel\Google Диск\Projects\Implication Basis\Implication Basis\x64\Release\link-cvtres.write.1.tlog
C:\Users\Pavel\Google Диск\Projects\Implication Basis\Implication Basis\x64\Release\link-rc.read.1.tlog
C:\Users\Pavel\Google Диск\Projects\Implication Basis\Implication Basis\x64\Release\link-rc.write.1.tlog
C:\Users\Pavel\Google Диск\Projects\Implication Basis\Implication Basis\x64\Release\link.command.1.tlog
C:\Users\Pavel\Google Диск\Projects\Implication Basis\Implication Basis\x64\Release\link.read.1.tlog
C:\Users\Pavel\Google Диск\Projects\Implication Basis\Implication Basis\x64\Release\link.write.1.tlog
C:\Users\Pavel\Google Диск\Projects\Implication Basis\Implication Basis\x64\Release\vc110.pdb
C:\Users\Pavel\Google Диск\Projects\Implication Basis\x64\Release\Implication Basis.pdb
C:\Users\Pavel\Google Диск\Projects\Implication Basis\x64\Release\Implication Basis.exe
