Сборка начата 30.05.2014 6:43:24.
     1>Проект "C:\Users\Pavel\Google Диск\Projects\Implication Basis\Implication Basis\Implication Basis.vcxproj" в узле 2 (целевые объекты Rebuild).
     1>ClCompile:
         C:\Program Files (x86)\Microsoft Visual Studio 11.0\VC\bin\x86_amd64\CL.exe /c /IC:\local\boost_1_55_0 /Zi /nologo /W3 /WX- /sdl /O2 /Oi /GL /D WIN32 /D NDEBUG /D _CONSOLE /D _UNICODE /D UNICODE /Gm- /EHsc /MD /GS /Gy /fp:precise /Zc:wchar_t /Zc:forScope /Fo"x64\Release\\" /Fd"x64\Release\vc110.pdb" /Gd /TP /errorReport:prompt closure.cpp Context.cpp Implication.cpp lectic_order.cpp LongInt.cpp proper_premises.cpp inout.cpp main.cpp transversals.cpp Trie.cpp
         closure.cpp
         Context.cpp
         Implication.cpp
         lectic_order.cpp
         LongInt.cpp
         proper_premises.cpp
         inout.cpp
         main.cpp
         transversals.cpp
         Trie.cpp
       Link:
         C:\Program Files (x86)\Microsoft Visual Studio 11.0\VC\bin\x86_amd64\link.exe /ERRORREPORT:PROMPT /OUT:"C:\Users\Pavel\Google Диск\Projects\Implication Basis\x64\Release\Implication Basis.exe" /INCREMENTAL:NO /NOLOGO /LIBPATH:"C:\local\boost_1_55_0\lib64-msvc-11.0" kernel32.lib user32.lib gdi32.lib winspool.lib comdlg32.lib advapi32.lib shell32.lib ole32.lib oleaut32.lib uuid.lib odbc32.lib odbccp32.lib /MANIFEST /MANIFESTUAC:"level='asInvoker' uiAccess='false'" /manifest:embed /DEBUG /PDB:"C:\Users\Pavel\Google Диск\Projects\Implication Basis\x64\Release\Implication Basis.pdb" /SUBSYSTEM:CONSOLE /OPT:REF /OPT:ICF /LTCG /TLBID:1 /DYNAMICBASE /NXCOMPAT /IMPLIB:"C:\Users\Pavel\Google Диск\Projects\Implication Basis\x64\Release\Implication Basis.lib" /MACHINE:X64 x64\Release\closure.obj
         x64\Release\Context.obj
         x64\Release\Implication.obj
         x64\Release\lectic_order.obj
         x64\Release\LongInt.obj
         x64\Release\proper_premises.obj
         x64\Release\inout.obj
         x64\Release\main.obj
         x64\Release\transversals.obj
         x64\Release\Trie.obj
         Создание кода
         Создание кода завершено
         Implication Basis.vcxproj -> C:\Users\Pavel\Google Диск\Projects\Implication Basis\x64\Release\Implication Basis.exe
     1>Построение проекта "C:\Users\Pavel\Google Диск\Projects\Implication Basis\Implication Basis\Implication Basis.vcxproj" завершено (целевые объекты Rebuild).

Сборка успешно завершена.

Затраченное время: 00:00:07.25
